[0.005s] Invoking command in '/home/kdh/robotics_final/duckiebot_ws/build/duckie_interfaces': /usr/bin/cmake /home/kdh/robotics_final/duckiebot_ws/src/duckie_interfaces -DCATKIN_INSTALL_INTO_PREFIX_ROOT=0 -DCMAKE_INSTALL_PREFIX=/home/kdh/robotics_final/duckiebot_ws/install/duckie_interfaces
[0.044s] -- The C compiler identification is GNU 11.4.0
[0.085s] -- The CXX compiler identification is GNU 11.4.0
[0.090s] -- Detecting C compiler ABI info
[0.133s] -- Detecting C compiler ABI info - done
[0.139s] -- Check for working C compiler: /usr/bin/cc - skipped
[0.139s] -- Detecting C compile features
[0.140s] -- Detecting C compile features - done
[0.142s] -- Detecting CXX compiler ABI info
[0.199s] -- Detecting CXX compiler ABI info - done
[0.208s] -- Check for working CXX compiler: /usr/bin/c++ - skipped
[0.209s] -- Detecting CXX compile features
[0.209s] -- Detecting CXX compile features - done
[0.212s] -- Found ament_cmake: 1.3.12 (/opt/ros/humble/share/ament_cmake/cmake)
[0.311s] -- Found Python3: /usr/bin/python3 (found version "3.10.12") found components: Interpreter 
[0.371s] -- Found rosidl_default_generators: 1.2.0 (/opt/ros/humble/share/rosidl_default_generators/cmake)
[0.372s] -- Using all available rosidl_typesupport_c: rosidl_typesupport_fastrtps_c;rosidl_typesupport_introspection_c
[0.375s] -- Found rosidl_adapter: 3.1.7 (/opt/ros/humble/share/rosidl_adapter/cmake)
[0.398s] -- Using all available rosidl_typesupport_cpp: rosidl_typesupport_fastrtps_cpp;rosidl_typesupport_introspection_cpp
[0.589s] -- Found ament_cmake_ros: 0.10.0 (/opt/ros/humble/share/ament_cmake_ros/cmake)
[0.726s] -- Using all available rosidl_typesupport_c: rosidl_typesupport_fastrtps_c;rosidl_typesupport_introspection_c
[0.889s] -- Using all available rosidl_typesupport_cpp: rosidl_typesupport_fastrtps_cpp;rosidl_typesupport_introspection_cpp
[0.909s] -- Found PythonInterp: /usr/bin/python3 (found suitable version "3.10.12", minimum required is "3.6") 
[0.910s] -- Found python_cmake_module: 0.10.0 (/opt/ros/humble/share/python_cmake_module/cmake)
[0.933s] -- Found PythonLibs: /usr/lib/x86_64-linux-gnu/libpython3.10.so (found suitable version "3.10.12", minimum required is "3.5") 
[0.933s] -- Using PYTHON_EXECUTABLE: /usr/bin/python3
[0.933s] -- Using PYTHON_INCLUDE_DIRS: /usr/include/python3.10
[0.933s] -- Using PYTHON_LIBRARIES: /usr/lib/x86_64-linux-gnu/libpython3.10.so
[0.951s] -- Found PythonExtra: .so  
[0.989s] -- Configuring done
[1.012s] -- Generating done
[1.014s] [33mCMake Warning:
[1.014s]   Manually-specified variables were not used by the project:
[1.014s] 
[1.014s]     CATKIN_INSTALL_INTO_PREFIX_ROOT
[1.014s] 
[1.014s] [0m
[1.020s] -- Build files have been written to: /home/kdh/robotics_final/duckiebot_ws/build/duckie_interfaces
[1.024s] Invoked command in '/home/kdh/robotics_final/duckiebot_ws/build/duckie_interfaces' returned '0': /usr/bin/cmake /home/kdh/robotics_final/duckiebot_ws/src/duckie_interfaces -DCATKIN_INSTALL_INTO_PREFIX_ROOT=0 -DCMAKE_INSTALL_PREFIX=/home/kdh/robotics_final/duckiebot_ws/install/duckie_interfaces
[1.025s] Invoking command in '/home/kdh/robotics_final/duckiebot_ws/build/duckie_interfaces': /usr/bin/cmake --build /home/kdh/robotics_final/duckiebot_ws/build/duckie_interfaces -- -j8 -l8
[1.051s] [  3%] [34m[1mGenerating C code for ROS interfaces[0m
[1.058s] [  6%] [34m[1mGenerating C++ code for ROS interfaces[0m
[1.063s] [  6%] Built target ament_cmake_python_copy_duckie_interfaces
[1.235s] [  9%] [32mBuilding C object CMakeFiles/duckie_interfaces__rosidl_generator_c.dir/rosidl_generator_c/duckie_interfaces/srv/detail/led_control__functions.c.o[0m
[1.235s] [  9%] Built target duckie_interfaces__cpp
[1.242s] [ 12%] [34m[1mGenerating C++ type support dispatch for ROS interfaces[0m
[1.242s] [ 19%] [34m[1mGenerating C++ type support for eProsima Fast-RTPS[0m
[1.242s] [ 19%] [34m[1mGenerating C++ introspection for ROS interfaces[0m
[1.262s] running egg_info
[1.262s] creating duckie_interfaces.egg-info
[1.262s] writing duckie_interfaces.egg-info/PKG-INFO
[1.263s] writing dependency_links to duckie_interfaces.egg-info/dependency_links.txt
[1.263s] writing top-level names to duckie_interfaces.egg-info/top_level.txt
[1.263s] writing manifest file 'duckie_interfaces.egg-info/SOURCES.txt'
[1.265s] reading manifest file 'duckie_interfaces.egg-info/SOURCES.txt'
[1.265s] writing manifest file 'duckie_interfaces.egg-info/SOURCES.txt'
[1.288s] [ 19%] Built target ament_cmake_python_build_duckie_interfaces_egg
[1.311s] [ 22%] [32m[1mLinking C shared library libduckie_interfaces__rosidl_generator_c.so[0m
[1.339s] [ 22%] Built target duckie_interfaces__rosidl_generator_c
[1.348s] [ 25%] [34m[1mGenerating C introspection for ROS interfaces[0m
[1.348s] [ 29%] [34m[1mGenerating C type support dispatch for ROS interfaces[0m
[1.349s] [ 32%] [34m[1mGenerating C type support for eProsima Fast-RTPS[0m
[1.415s] [ 35%] [32mBuilding CXX object CMakeFiles/duckie_interfaces__rosidl_typesupport_cpp.dir/rosidl_typesupport_cpp/duckie_interfaces/srv/led_control__type_support.cpp.o[0m
[1.457s] [ 38%] [32mBuilding CXX object CMakeFiles/duckie_interfaces__rosidl_typesupport_fastrtps_cpp.dir/rosidl_typesupport_fastrtps_cpp/duckie_interfaces/srv/detail/dds_fastrtps/led_control__type_support.cpp.o[0m
[1.465s] [ 41%] [32mBuilding CXX object CMakeFiles/duckie_interfaces__rosidl_typesupport_introspection_cpp.dir/rosidl_typesupport_introspection_cpp/duckie_interfaces/srv/detail/led_control__type_support.cpp.o[0m
[1.575s] [ 45%] [32mBuilding CXX object CMakeFiles/duckie_interfaces__rosidl_typesupport_c.dir/rosidl_typesupport_c/duckie_interfaces/srv/led_control__type_support.cpp.o[0m
[1.580s] [ 48%] [32mBuilding CXX object CMakeFiles/duckie_interfaces__rosidl_typesupport_fastrtps_c.dir/rosidl_typesupport_fastrtps_c/duckie_interfaces/srv/detail/led_control__type_support_c.cpp.o[0m
[1.600s] [ 51%] [32mBuilding C object CMakeFiles/duckie_interfaces__rosidl_typesupport_introspection_c.dir/rosidl_typesupport_introspection_c/duckie_interfaces/srv/detail/led_control__type_support.c.o[0m
[1.610s] [ 54%] [32m[1mLinking CXX shared library libduckie_interfaces__rosidl_typesupport_c.so[0m
[1.638s] [ 58%] [32m[1mLinking C shared library libduckie_interfaces__rosidl_typesupport_introspection_c.so[0m
[1.642s] [ 58%] Built target duckie_interfaces__rosidl_typesupport_c
[1.667s] [ 58%] Built target duckie_interfaces__rosidl_typesupport_introspection_c
[1.676s] [ 61%] [32m[1mLinking CXX shared library libduckie_interfaces__rosidl_typesupport_cpp.so[0m
[1.707s] [ 61%] Built target duckie_interfaces__rosidl_typesupport_cpp
[1.758s] [ 64%] [32m[1mLinking CXX shared library libduckie_interfaces__rosidl_typesupport_introspection_cpp.so[0m
[1.800s] [ 64%] Built target duckie_interfaces__rosidl_typesupport_introspection_cpp
[1.827s] [ 67%] [32m[1mLinking CXX shared library libduckie_interfaces__rosidl_typesupport_fastrtps_cpp.so[0m
[1.868s] [ 70%] [32m[1mLinking CXX shared library libduckie_interfaces__rosidl_typesupport_fastrtps_c.so[0m
[1.874s] [ 70%] Built target duckie_interfaces__rosidl_typesupport_fastrtps_cpp
[1.914s] [ 70%] Built target duckie_interfaces__rosidl_typesupport_fastrtps_c
[1.926s] [ 70%] Built target duckie_interfaces
[1.939s] [ 74%] [34m[1mGenerating Python code for ROS interfaces[0m
[2.150s] [ 74%] Built target duckie_interfaces__py
[2.162s] [ 77%] [32mBuilding C object CMakeFiles/duckie_interfaces__rosidl_generator_py.dir/rosidl_generator_py/duckie_interfaces/srv/_led_control_s.c.o[0m
[2.252s] [ 80%] [32m[1mLinking C shared library rosidl_generator_py/duckie_interfaces/libduckie_interfaces__rosidl_generator_py.so[0m
[2.280s] [ 80%] Built target duckie_interfaces__rosidl_generator_py
[2.303s] [ 87%] [32mBuilding C object CMakeFiles/duckie_interfaces__rosidl_typesupport_fastrtps_c__pyext.dir/rosidl_generator_py/duckie_interfaces/_duckie_interfaces_s.ep.rosidl_typesupport_fastrtps_c.c.o[0m
[2.303s] [ 87%] [32mBuilding C object CMakeFiles/duckie_interfaces__rosidl_typesupport_introspection_c__pyext.dir/rosidl_generator_py/duckie_interfaces/_duckie_interfaces_s.ep.rosidl_typesupport_introspection_c.c.o[0m
[2.305s] [ 90%] [32mBuilding C object CMakeFiles/duckie_interfaces__rosidl_typesupport_c__pyext.dir/rosidl_generator_py/duckie_interfaces/_duckie_interfaces_s.ep.rosidl_typesupport_c.c.o[0m
[2.365s] [ 96%] [32m[1mLinking C shared library rosidl_generator_py/duckie_interfaces/duckie_interfaces_s__rosidl_typesupport_c.cpython-310-x86_64-linux-gnu.so[0m
[2.366s] [ 96%] [32m[1mLinking C shared library rosidl_generator_py/duckie_interfaces/duckie_interfaces_s__rosidl_typesupport_introspection_c.cpython-310-x86_64-linux-gnu.so[0m
[2.370s] [100%] [32m[1mLinking C shared library rosidl_generator_py/duckie_interfaces/duckie_interfaces_s__rosidl_typesupport_fastrtps_c.cpython-310-x86_64-linux-gnu.so[0m
[2.385s] [100%] Built target duckie_interfaces__rosidl_typesupport_c__pyext
[2.387s] [100%] Built target duckie_interfaces__rosidl_typesupport_introspection_c__pyext
[2.392s] [100%] Built target duckie_interfaces__rosidl_typesupport_fastrtps_c__pyext
[2.398s] Invoked command in '/home/kdh/robotics_final/duckiebot_ws/build/duckie_interfaces' returned '0': /usr/bin/cmake --build /home/kdh/robotics_final/duckiebot_ws/build/duckie_interfaces -- -j8 -l8
[2.405s] Invoking command in '/home/kdh/robotics_final/duckiebot_ws/build/duckie_interfaces': /usr/bin/cmake --install /home/kdh/robotics_final/duckiebot_ws/build/duckie_interfaces
[2.409s] -- Install configuration: ""
[2.409s] -- Installing: /home/kdh/robotics_final/duckiebot_ws/install/duckie_interfaces/share/ament_index/resource_index/rosidl_interfaces/duckie_interfaces
[2.409s] -- Installing: /home/kdh/robotics_final/duckiebot_ws/install/duckie_interfaces/include/duckie_interfaces/duckie_interfaces
[2.410s] -- Installing: /home/kdh/robotics_final/duckiebot_ws/install/duckie_interfaces/include/duckie_interfaces/duckie_interfaces/msg
[2.410s] -- Installing: /home/kdh/robotics_final/duckiebot_ws/install/duckie_interfaces/include/duckie_interfaces/duckie_interfaces/msg/rosidl_generator_c__visibility_control.h
[2.410s] -- Installing: /home/kdh/robotics_final/duckiebot_ws/install/duckie_interfaces/include/duckie_interfaces/duckie_interfaces/srv
[2.410s] -- Installing: /home/kdh/robotics_final/duckiebot_ws/install/duckie_interfaces/include/duckie_interfaces/duckie_interfaces/srv/led_control.h
[2.410s] -- Installing: /home/kdh/robotics_final/duckiebot_ws/install/duckie_interfaces/include/duckie_interfaces/duckie_interfaces/srv/detail
[2.410s] -- Installing: /home/kdh/robotics_final/duckiebot_ws/install/duckie_interfaces/include/duckie_interfaces/duckie_interfaces/srv/detail/led_control__functions.c
[2.410s] -- Installing: /home/kdh/robotics_final/duckiebot_ws/install/duckie_interfaces/include/duckie_interfaces/duckie_interfaces/srv/detail/led_control__functions.h
[2.410s] -- Installing: /home/kdh/robotics_final/duckiebot_ws/install/duckie_interfaces/include/duckie_interfaces/duckie_interfaces/srv/detail/led_control__type_support.h
[2.410s] -- Installing: /home/kdh/robotics_final/duckiebot_ws/install/duckie_interfaces/include/duckie_interfaces/duckie_interfaces/srv/detail/led_control__struct.h
[2.410s] -- Installing: /home/kdh/robotics_final/duckiebot_ws/install/duckie_interfaces/share/duckie_interfaces/environment/library_path.sh
[2.410s] -- Installing: /home/kdh/robotics_final/duckiebot_ws/install/duckie_interfaces/share/duckie_interfaces/environment/library_path.dsv
[2.410s] -- Installing: /home/kdh/robotics_final/duckiebot_ws/install/duckie_interfaces/lib/libduckie_interfaces__rosidl_generator_c.so
[2.410s] -- Set runtime path of "/home/kdh/robotics_final/duckiebot_ws/install/duckie_interfaces/lib/libduckie_interfaces__rosidl_generator_c.so" to ""
[2.410s] -- Up-to-date: /home/kdh/robotics_final/duckiebot_ws/install/duckie_interfaces/include/duckie_interfaces/duckie_interfaces
[2.410s] -- Up-to-date: /home/kdh/robotics_final/duckiebot_ws/install/duckie_interfaces/include/duckie_interfaces/duckie_interfaces/msg
[2.410s] -- Installing: /home/kdh/robotics_final/duckiebot_ws/install/duckie_interfaces/include/duckie_interfaces/duckie_interfaces/msg/rosidl_typesupport_fastrtps_c__visibility_control.h
[2.410s] -- Up-to-date: /home/kdh/robotics_final/duckiebot_ws/install/duckie_interfaces/include/duckie_interfaces/duckie_interfaces/srv
[2.410s] -- Up-to-date: /home/kdh/robotics_final/duckiebot_ws/install/duckie_interfaces/include/duckie_interfaces/duckie_interfaces/srv/detail
[2.410s] -- Installing: /home/kdh/robotics_final/duckiebot_ws/install/duckie_interfaces/include/duckie_interfaces/duckie_interfaces/srv/detail/led_control__rosidl_typesupport_fastrtps_c.h
[2.410s] -- Installing: /home/kdh/robotics_final/duckiebot_ws/install/duckie_interfaces/lib/libduckie_interfaces__rosidl_typesupport_fastrtps_c.so
[2.411s] -- Set runtime path of "/home/kdh/robotics_final/duckiebot_ws/install/duckie_interfaces/lib/libduckie_interfaces__rosidl_typesupport_fastrtps_c.so" to ""
[2.411s] -- Up-to-date: /home/kdh/robotics_final/duckiebot_ws/install/duckie_interfaces/include/duckie_interfaces/duckie_interfaces
[2.411s] -- Up-to-date: /home/kdh/robotics_final/duckiebot_ws/install/duckie_interfaces/include/duckie_interfaces/duckie_interfaces/msg
[2.411s] -- Installing: /home/kdh/robotics_final/duckiebot_ws/install/duckie_interfaces/include/duckie_interfaces/duckie_interfaces/msg/rosidl_typesupport_introspection_c__visibility_control.h
[2.411s] -- Up-to-date: /home/kdh/robotics_final/duckiebot_ws/install/duckie_interfaces/include/duckie_interfaces/duckie_interfaces/srv
[2.411s] -- Up-to-date: /home/kdh/robotics_final/duckiebot_ws/install/duckie_interfaces/include/duckie_interfaces/duckie_interfaces/srv/detail
[2.411s] -- Installing: /home/kdh/robotics_final/duckiebot_ws/install/duckie_interfaces/include/duckie_interfaces/duckie_interfaces/srv/detail/led_control__rosidl_typesupport_introspection_c.h
[2.411s] -- Installing: /home/kdh/robotics_final/duckiebot_ws/install/duckie_interfaces/include/duckie_interfaces/duckie_interfaces/srv/detail/led_control__type_support.c
[2.411s] -- Installing: /home/kdh/robotics_final/duckiebot_ws/install/duckie_interfaces/lib/libduckie_interfaces__rosidl_typesupport_introspection_c.so
[2.411s] -- Set runtime path of "/home/kdh/robotics_final/duckiebot_ws/install/duckie_interfaces/lib/libduckie_interfaces__rosidl_typesupport_introspection_c.so" to ""
[2.411s] -- Installing: /home/kdh/robotics_final/duckiebot_ws/install/duckie_interfaces/lib/libduckie_interfaces__rosidl_typesupport_c.so
[2.411s] -- Set runtime path of "/home/kdh/robotics_final/duckiebot_ws/install/duckie_interfaces/lib/libduckie_interfaces__rosidl_typesupport_c.so" to ""
[2.411s] -- Up-to-date: /home/kdh/robotics_final/duckiebot_ws/install/duckie_interfaces/include/duckie_interfaces/duckie_interfaces
[2.411s] -- Up-to-date: /home/kdh/robotics_final/duckiebot_ws/install/duckie_interfaces/include/duckie_interfaces/duckie_interfaces/msg
[2.411s] -- Installing: /home/kdh/robotics_final/duckiebot_ws/install/duckie_interfaces/include/duckie_interfaces/duckie_interfaces/msg/rosidl_generator_cpp__visibility_control.hpp
[2.411s] -- Up-to-date: /home/kdh/robotics_final/duckiebot_ws/install/duckie_interfaces/include/duckie_interfaces/duckie_interfaces/srv
[2.411s] -- Installing: /home/kdh/robotics_final/duckiebot_ws/install/duckie_interfaces/include/duckie_interfaces/duckie_interfaces/srv/led_control.hpp
[2.411s] -- Up-to-date: /home/kdh/robotics_final/duckiebot_ws/install/duckie_interfaces/include/duckie_interfaces/duckie_interfaces/srv/detail
[2.411s] -- Installing: /home/kdh/robotics_final/duckiebot_ws/install/duckie_interfaces/include/duckie_interfaces/duckie_interfaces/srv/detail/led_control__builder.hpp
[2.412s] -- Installing: /home/kdh/robotics_final/duckiebot_ws/install/duckie_interfaces/include/duckie_interfaces/duckie_interfaces/srv/detail/led_control__type_support.hpp
[2.412s] -- Installing: /home/kdh/robotics_final/duckiebot_ws/install/duckie_interfaces/include/duckie_interfaces/duckie_interfaces/srv/detail/led_control__struct.hpp
[2.412s] -- Installing: /home/kdh/robotics_final/duckiebot_ws/install/duckie_interfaces/include/duckie_interfaces/duckie_interfaces/srv/detail/led_control__traits.hpp
[2.412s] -- Up-to-date: /home/kdh/robotics_final/duckiebot_ws/install/duckie_interfaces/include/duckie_interfaces/duckie_interfaces
[2.412s] -- Up-to-date: /home/kdh/robotics_final/duckiebot_ws/install/duckie_interfaces/include/duckie_interfaces/duckie_interfaces/msg
[2.412s] -- Installing: /home/kdh/robotics_final/duckiebot_ws/install/duckie_interfaces/include/duckie_interfaces/duckie_interfaces/msg/rosidl_typesupport_fastrtps_cpp__visibility_control.h
[2.412s] -- Up-to-date: /home/kdh/robotics_final/duckiebot_ws/install/duckie_interfaces/include/duckie_interfaces/duckie_interfaces/srv
[2.412s] -- Up-to-date: /home/kdh/robotics_final/duckiebot_ws/install/duckie_interfaces/include/duckie_interfaces/duckie_interfaces/srv/detail
[2.412s] -- Installing: /home/kdh/robotics_final/duckiebot_ws/install/duckie_interfaces/include/duckie_interfaces/duckie_interfaces/srv/detail/led_control__rosidl_typesupport_fastrtps_cpp.hpp
[2.412s] -- Installing: /home/kdh/robotics_final/duckiebot_ws/install/duckie_interfaces/include/duckie_interfaces/duckie_interfaces/srv/detail/dds_fastrtps
[2.412s] -- Installing: /home/kdh/robotics_final/duckiebot_ws/install/duckie_interfaces/lib/libduckie_interfaces__rosidl_typesupport_fastrtps_cpp.so
[2.412s] -- Set runtime path of "/home/kdh/robotics_final/duckiebot_ws/install/duckie_interfaces/lib/libduckie_interfaces__rosidl_typesupport_fastrtps_cpp.so" to ""
[2.412s] -- Up-to-date: /home/kdh/robotics_final/duckiebot_ws/install/duckie_interfaces/include/duckie_interfaces/duckie_interfaces
[2.412s] -- Up-to-date: /home/kdh/robotics_final/duckiebot_ws/install/duckie_interfaces/include/duckie_interfaces/duckie_interfaces/srv
[2.412s] -- Up-to-date: /home/kdh/robotics_final/duckiebot_ws/install/duckie_interfaces/include/duckie_interfaces/duckie_interfaces/srv/detail
[2.412s] -- Installing: /home/kdh/robotics_final/duckiebot_ws/install/duckie_interfaces/include/duckie_interfaces/duckie_interfaces/srv/detail/led_control__rosidl_typesupport_introspection_cpp.hpp
[2.412s] -- Installing: /home/kdh/robotics_final/duckiebot_ws/install/duckie_interfaces/include/duckie_interfaces/duckie_interfaces/srv/detail/led_control__type_support.cpp
[2.412s] -- Installing: /home/kdh/robotics_final/duckiebot_ws/install/duckie_interfaces/lib/libduckie_interfaces__rosidl_typesupport_introspection_cpp.so
[2.413s] -- Set runtime path of "/home/kdh/robotics_final/duckiebot_ws/install/duckie_interfaces/lib/libduckie_interfaces__rosidl_typesupport_introspection_cpp.so" to ""
[2.413s] -- Installing: /home/kdh/robotics_final/duckiebot_ws/install/duckie_interfaces/lib/libduckie_interfaces__rosidl_typesupport_cpp.so
[2.413s] -- Set runtime path of "/home/kdh/robotics_final/duckiebot_ws/install/duckie_interfaces/lib/libduckie_interfaces__rosidl_typesupport_cpp.so" to ""
[2.413s] -- Installing: /home/kdh/robotics_final/duckiebot_ws/install/duckie_interfaces/share/duckie_interfaces/environment/pythonpath.sh
[2.413s] -- Installing: /home/kdh/robotics_final/duckiebot_ws/install/duckie_interfaces/share/duckie_interfaces/environment/pythonpath.dsv
[2.413s] -- Installing: /home/kdh/robotics_final/duckiebot_ws/install/duckie_interfaces/local/lib/python3.10/dist-packages/duckie_interfaces-0.0.0-py3.10.egg-info
[2.413s] -- Installing: /home/kdh/robotics_final/duckiebot_ws/install/duckie_interfaces/local/lib/python3.10/dist-packages/duckie_interfaces-0.0.0-py3.10.egg-info/SOURCES.txt
[2.413s] -- Installing: /home/kdh/robotics_final/duckiebot_ws/install/duckie_interfaces/local/lib/python3.10/dist-packages/duckie_interfaces-0.0.0-py3.10.egg-info/top_level.txt
[2.413s] -- Installing: /home/kdh/robotics_final/duckiebot_ws/install/duckie_interfaces/local/lib/python3.10/dist-packages/duckie_interfaces-0.0.0-py3.10.egg-info/PKG-INFO
[2.413s] -- Installing: /home/kdh/robotics_final/duckiebot_ws/install/duckie_interfaces/local/lib/python3.10/dist-packages/duckie_interfaces-0.0.0-py3.10.egg-info/dependency_links.txt
[2.413s] -- Installing: /home/kdh/robotics_final/duckiebot_ws/install/duckie_interfaces/local/lib/python3.10/dist-packages/duckie_interfaces
[2.413s] -- Installing: /home/kdh/robotics_final/duckiebot_ws/install/duckie_interfaces/local/lib/python3.10/dist-packages/duckie_interfaces/duckie_interfaces_s__rosidl_typesupport_introspection_c.cpython-310-x86_64-linux-gnu.so
[2.414s] -- Installing: /home/kdh/robotics_final/duckiebot_ws/install/duckie_interfaces/local/lib/python3.10/dist-packages/duckie_interfaces/duckie_interfaces_s__rosidl_typesupport_fastrtps_c.cpython-310-x86_64-linux-gnu.so
[2.414s] -- Installing: /home/kdh/robotics_final/duckiebot_ws/install/duckie_interfaces/local/lib/python3.10/dist-packages/duckie_interfaces/_duckie_interfaces_s.ep.rosidl_typesupport_fastrtps_c.c
[2.414s] -- Installing: /home/kdh/robotics_final/duckiebot_ws/install/duckie_interfaces/local/lib/python3.10/dist-packages/duckie_interfaces/duckie_interfaces_s__rosidl_typesupport_c.cpython-310-x86_64-linux-gnu.so
[2.414s] -- Installing: /home/kdh/robotics_final/duckiebot_ws/install/duckie_interfaces/local/lib/python3.10/dist-packages/duckie_interfaces/_duckie_interfaces_s.ep.rosidl_typesupport_introspection_c.c
[2.414s] -- Installing: /home/kdh/robotics_final/duckiebot_ws/install/duckie_interfaces/local/lib/python3.10/dist-packages/duckie_interfaces/__init__.py
[2.414s] -- Installing: /home/kdh/robotics_final/duckiebot_ws/install/duckie_interfaces/local/lib/python3.10/dist-packages/duckie_interfaces/_duckie_interfaces_s.ep.rosidl_typesupport_c.c
[2.414s] -- Installing: /home/kdh/robotics_final/duckiebot_ws/install/duckie_interfaces/local/lib/python3.10/dist-packages/duckie_interfaces/libduckie_interfaces__rosidl_generator_py.so
[2.414s] -- Installing: /home/kdh/robotics_final/duckiebot_ws/install/duckie_interfaces/local/lib/python3.10/dist-packages/duckie_interfaces/srv
[2.414s] -- Installing: /home/kdh/robotics_final/duckiebot_ws/install/duckie_interfaces/local/lib/python3.10/dist-packages/duckie_interfaces/srv/_led_control_s.c
[2.414s] -- Installing: /home/kdh/robotics_final/duckiebot_ws/install/duckie_interfaces/local/lib/python3.10/dist-packages/duckie_interfaces/srv/_led_control.py
[2.414s] -- Installing: /home/kdh/robotics_final/duckiebot_ws/install/duckie_interfaces/local/lib/python3.10/dist-packages/duckie_interfaces/srv/__init__.py
[2.443s] Listing '/home/kdh/robotics_final/duckiebot_ws/install/duckie_interfaces/local/lib/python3.10/dist-packages/duckie_interfaces'...
[2.443s] Compiling '/home/kdh/robotics_final/duckiebot_ws/install/duckie_interfaces/local/lib/python3.10/dist-packages/duckie_interfaces/__init__.py'...
[2.443s] Listing '/home/kdh/robotics_final/duckiebot_ws/install/duckie_interfaces/local/lib/python3.10/dist-packages/duckie_interfaces/srv'...
[2.443s] Compiling '/home/kdh/robotics_final/duckiebot_ws/install/duckie_interfaces/local/lib/python3.10/dist-packages/duckie_interfaces/srv/__init__.py'...
[2.443s] Compiling '/home/kdh/robotics_final/duckiebot_ws/install/duckie_interfaces/local/lib/python3.10/dist-packages/duckie_interfaces/srv/_led_control.py'...
[2.447s] -- Installing: /home/kdh/robotics_final/duckiebot_ws/install/duckie_interfaces/local/lib/python3.10/dist-packages/duckie_interfaces/duckie_interfaces_s__rosidl_typesupport_fastrtps_c.cpython-310-x86_64-linux-gnu.so
[2.447s] -- Set runtime path of "/home/kdh/robotics_final/duckiebot_ws/install/duckie_interfaces/local/lib/python3.10/dist-packages/duckie_interfaces/duckie_interfaces_s__rosidl_typesupport_fastrtps_c.cpython-310-x86_64-linux-gnu.so" to ""
[2.447s] -- Installing: /home/kdh/robotics_final/duckiebot_ws/install/duckie_interfaces/local/lib/python3.10/dist-packages/duckie_interfaces/duckie_interfaces_s__rosidl_typesupport_introspection_c.cpython-310-x86_64-linux-gnu.so
[2.447s] -- Set runtime path of "/home/kdh/robotics_final/duckiebot_ws/install/duckie_interfaces/local/lib/python3.10/dist-packages/duckie_interfaces/duckie_interfaces_s__rosidl_typesupport_introspection_c.cpython-310-x86_64-linux-gnu.so" to ""
[2.448s] -- Installing: /home/kdh/robotics_final/duckiebot_ws/install/duckie_interfaces/local/lib/python3.10/dist-packages/duckie_interfaces/duckie_interfaces_s__rosidl_typesupport_c.cpython-310-x86_64-linux-gnu.so
[2.448s] -- Set runtime path of "/home/kdh/robotics_final/duckiebot_ws/install/duckie_interfaces/local/lib/python3.10/dist-packages/duckie_interfaces/duckie_interfaces_s__rosidl_typesupport_c.cpython-310-x86_64-linux-gnu.so" to ""
[2.448s] -- Installing: /home/kdh/robotics_final/duckiebot_ws/install/duckie_interfaces/lib/libduckie_interfaces__rosidl_generator_py.so
[2.448s] -- Set runtime path of "/home/kdh/robotics_final/duckiebot_ws/install/duckie_interfaces/lib/libduckie_interfaces__rosidl_generator_py.so" to ""
[2.448s] -- Installing: /home/kdh/robotics_final/duckiebot_ws/install/duckie_interfaces/share/duckie_interfaces/srv/LedControl.idl
[2.448s] -- Installing: /home/kdh/robotics_final/duckiebot_ws/install/duckie_interfaces/share/duckie_interfaces/srv/LedControl.srv
[2.448s] -- Installing: /home/kdh/robotics_final/duckiebot_ws/install/duckie_interfaces/share/duckie_interfaces/srv/LedControl_Request.msg
[2.448s] -- Installing: /home/kdh/robotics_final/duckiebot_ws/install/duckie_interfaces/share/duckie_interfaces/srv/LedControl_Response.msg
[2.448s] -- Installing: /home/kdh/robotics_final/duckiebot_ws/install/duckie_interfaces/share/ament_index/resource_index/package_run_dependencies/duckie_interfaces
[2.448s] -- Installing: /home/kdh/robotics_final/duckiebot_ws/install/duckie_interfaces/share/ament_index/resource_index/parent_prefix_path/duckie_interfaces
[2.448s] -- Installing: /home/kdh/robotics_final/duckiebot_ws/install/duckie_interfaces/share/duckie_interfaces/environment/ament_prefix_path.sh
[2.448s] -- Installing: /home/kdh/robotics_final/duckiebot_ws/install/duckie_interfaces/share/duckie_interfaces/environment/ament_prefix_path.dsv
[2.448s] -- Installing: /home/kdh/robotics_final/duckiebot_ws/install/duckie_interfaces/share/duckie_interfaces/environment/path.sh
[2.448s] -- Installing: /home/kdh/robotics_final/duckiebot_ws/install/duckie_interfaces/share/duckie_interfaces/environment/path.dsv
[2.448s] -- Installing: /home/kdh/robotics_final/duckiebot_ws/install/duckie_interfaces/share/duckie_interfaces/local_setup.bash
[2.448s] -- Installing: /home/kdh/robotics_final/duckiebot_ws/install/duckie_interfaces/share/duckie_interfaces/local_setup.sh
[2.448s] -- Installing: /home/kdh/robotics_final/duckiebot_ws/install/duckie_interfaces/share/duckie_interfaces/local_setup.zsh
[2.449s] -- Installing: /home/kdh/robotics_final/duckiebot_ws/install/duckie_interfaces/share/duckie_interfaces/local_setup.dsv
[2.449s] -- Installing: /home/kdh/robotics_final/duckiebot_ws/install/duckie_interfaces/share/duckie_interfaces/package.dsv
[2.449s] -- Installing: /home/kdh/robotics_final/duckiebot_ws/install/duckie_interfaces/share/ament_index/resource_index/packages/duckie_interfaces
[2.449s] -- Installing: /home/kdh/robotics_final/duckiebot_ws/install/duckie_interfaces/share/duckie_interfaces/cmake/export_duckie_interfaces__rosidl_generator_cExport.cmake
[2.449s] -- Installing: /home/kdh/robotics_final/duckiebot_ws/install/duckie_interfaces/share/duckie_interfaces/cmake/export_duckie_interfaces__rosidl_generator_cExport-noconfig.cmake
[2.449s] -- Installing: /home/kdh/robotics_final/duckiebot_ws/install/duckie_interfaces/share/duckie_interfaces/cmake/export_duckie_interfaces__rosidl_typesupport_fastrtps_cExport.cmake
[2.449s] -- Installing: /home/kdh/robotics_final/duckiebot_ws/install/duckie_interfaces/share/duckie_interfaces/cmake/export_duckie_interfaces__rosidl_typesupport_fastrtps_cExport-noconfig.cmake
[2.449s] -- Installing: /home/kdh/robotics_final/duckiebot_ws/install/duckie_interfaces/share/duckie_interfaces/cmake/duckie_interfaces__rosidl_typesupport_introspection_cExport.cmake
[2.449s] -- Installing: /home/kdh/robotics_final/duckiebot_ws/install/duckie_interfaces/share/duckie_interfaces/cmake/duckie_interfaces__rosidl_typesupport_introspection_cExport-noconfig.cmake
[2.449s] -- Installing: /home/kdh/robotics_final/duckiebot_ws/install/duckie_interfaces/share/duckie_interfaces/cmake/duckie_interfaces__rosidl_typesupport_cExport.cmake
[2.449s] -- Installing: /home/kdh/robotics_final/duckiebot_ws/install/duckie_interfaces/share/duckie_interfaces/cmake/duckie_interfaces__rosidl_typesupport_cExport-noconfig.cmake
[2.449s] -- Installing: /home/kdh/robotics_final/duckiebot_ws/install/duckie_interfaces/share/duckie_interfaces/cmake/export_duckie_interfaces__rosidl_generator_cppExport.cmake
[2.449s] -- Installing: /home/kdh/robotics_final/duckiebot_ws/install/duckie_interfaces/share/duckie_interfaces/cmake/export_duckie_interfaces__rosidl_typesupport_fastrtps_cppExport.cmake
[2.449s] -- Installing: /home/kdh/robotics_final/duckiebot_ws/install/duckie_interfaces/share/duckie_interfaces/cmake/export_duckie_interfaces__rosidl_typesupport_fastrtps_cppExport-noconfig.cmake
[2.449s] -- Installing: /home/kdh/robotics_final/duckiebot_ws/install/duckie_interfaces/share/duckie_interfaces/cmake/duckie_interfaces__rosidl_typesupport_introspection_cppExport.cmake
[2.449s] -- Installing: /home/kdh/robotics_final/duckiebot_ws/install/duckie_interfaces/share/duckie_interfaces/cmake/duckie_interfaces__rosidl_typesupport_introspection_cppExport-noconfig.cmake
[2.449s] -- Installing: /home/kdh/robotics_final/duckiebot_ws/install/duckie_interfaces/share/duckie_interfaces/cmake/duckie_interfaces__rosidl_typesupport_cppExport.cmake
[2.449s] -- Installing: /home/kdh/robotics_final/duckiebot_ws/install/duckie_interfaces/share/duckie_interfaces/cmake/duckie_interfaces__rosidl_typesupport_cppExport-noconfig.cmake
[2.449s] -- Installing: /home/kdh/robotics_final/duckiebot_ws/install/duckie_interfaces/share/duckie_interfaces/cmake/export_duckie_interfaces__rosidl_generator_pyExport.cmake
[2.450s] -- Installing: /home/kdh/robotics_final/duckiebot_ws/install/duckie_interfaces/share/duckie_interfaces/cmake/export_duckie_interfaces__rosidl_generator_pyExport-noconfig.cmake
[2.450s] -- Installing: /home/kdh/robotics_final/duckiebot_ws/install/duckie_interfaces/share/duckie_interfaces/cmake/rosidl_cmake-extras.cmake
[2.450s] -- Installing: /home/kdh/robotics_final/duckiebot_ws/install/duckie_interfaces/share/duckie_interfaces/cmake/ament_cmake_export_include_directories-extras.cmake
[2.450s] -- Installing: /home/kdh/robotics_final/duckiebot_ws/install/duckie_interfaces/share/duckie_interfaces/cmake/ament_cmake_export_libraries-extras.cmake
[2.450s] -- Installing: /home/kdh/robotics_final/duckiebot_ws/install/duckie_interfaces/share/duckie_interfaces/cmake/ament_cmake_export_targets-extras.cmake
[2.450s] -- Installing: /home/kdh/robotics_final/duckiebot_ws/install/duckie_interfaces/share/duckie_interfaces/cmake/rosidl_cmake_export_typesupport_targets-extras.cmake
[2.450s] -- Installing: /home/kdh/robotics_final/duckiebot_ws/install/duckie_interfaces/share/duckie_interfaces/cmake/ament_cmake_export_dependencies-extras.cmake
[2.450s] -- Installing: /home/kdh/robotics_final/duckiebot_ws/install/duckie_interfaces/share/duckie_interfaces/cmake/rosidl_cmake_export_typesupport_libraries-extras.cmake
[2.450s] -- Installing: /home/kdh/robotics_final/duckiebot_ws/install/duckie_interfaces/share/duckie_interfaces/cmake/duckie_interfacesConfig.cmake
[2.450s] -- Installing: /home/kdh/robotics_final/duckiebot_ws/install/duckie_interfaces/share/duckie_interfaces/cmake/duckie_interfacesConfig-version.cmake
[2.450s] -- Installing: /home/kdh/robotics_final/duckiebot_ws/install/duckie_interfaces/share/duckie_interfaces/package.xml
[2.452s] Invoked command in '/home/kdh/robotics_final/duckiebot_ws/build/duckie_interfaces' returned '0': /usr/bin/cmake --install /home/kdh/robotics_final/duckiebot_ws/build/duckie_interfaces
